[35m[Appium][39m Welcome to Appium v2.5.1
[35m[Appium][39m Non-default server args:
[35m[Appium][39m { basePath: [32m'/wd/hub'[39m, loglevel: [32m'info'[39m, port: [33m60359[39m }
[35m[Appium][39m Attempting to load driver uiautomator2...
[35m[Appium][39m Appium REST http interface listener started on http://0.0.0.0:60359/wd/hub
[35m[Appium][39m You can provide the following URLs in your client code to connect to this server:
[35m[Appium][39m 	http://172.30.96.1:60359/wd/hub
[35m[Appium][39m 	http://172.31.128.1:60359/wd/hub
[35m[Appium][39m 	http://192.168.17.1:60359/wd/hub
[35m[Appium][39m 	http://192.168.179.1:60359/wd/hub
[35m[Appium][39m 	http://192.168.1.86:60359/wd/hub
[35m[Appium][39m 	http://127.0.0.1:60359/wd/hub (only accessible from the same host)
[35m[Appium][39m Available drivers:
[35m[Appium][39m   - uiautomator2@3.0.0 (automationName 'UiAutomator2')
[35m[Appium][39m No plugins have been installed. Use the "appium plugin" command to install the one(s) you want to use.
[38;5;0m[HTTP][0m [37m-->[39m [37mGET[39m [37m/wd/hub/status[39m
[38;5;0m[HTTP][0m [90m{}[39m
[38;5;0m[HTTP][0m [37m<-- GET /wd/hub/status [39m[32m200[39m [90m4 ms - 110[39m
[38;5;0m[HTTP][0m [90m[39m
[38;5;0m[HTTP][0m [37m-->[39m [37mGET[39m [37m/wd/hub/status[39m
[38;5;0m[HTTP][0m [90m{}[39m
[38;5;0m[HTTP][0m [37m<-- GET /wd/hub/status [39m[32m200[39m [90m1 ms - 110[39m
[38;5;0m[HTTP][0m [90m[39m
[38;5;0m[HTTP][0m [37m-->[39m [37mPOST[39m [37m/wd/hub/session[39m
[38;5;0m[HTTP][0m [90m{"desiredCapabilities":{"appium:systemPort":8282,"appium:udid":"R58M35SLRJA","appium:autoGrantPermissions":true,"appium:newCommandTimeout":1800,"appium:platformName":"ANDROID","appium:appActivity":".Settings","appium:deviceName":"samsung SM-G970U1 (Android 12)","platformName":"Android","appium:automationName":"uiautomator2","appium:platformVersion":"12","appium:appPackage":"com.android.settings"},"capabilities":{"firstMatch":[{"appium:appActivity":".Settings","appium:appPackage":"com.android.settings","appium:autoGrantPermissions":true,"appium:automationName":"uiautomator2","appium:deviceName":"samsung SM-G970U1 (Android 12)","appium:newCommandTimeout":1800,"appium:platformName":"ANDROID","appium:platformVersion":"12","appium:systemPort":8282,"appium:udid":"R58M35SLRJA","platformName":"android"}]}}[39m
[38;5;32m[BaseDriver][0m Ignoring capability 'appium:platformName=ANDROID' and using capability 'platformName=android'
[38;5;32m[BaseDriver][0m The capabilities ["platformName"] are standard capabilities and do not require "appium:" prefix
[35m[Appium][39m Attempting to find matching driver for automationName 'uiautomator2' and platformName 'android'
[35m[Appium][39m The 'uiautomator2' driver was installed and matched caps.
[35m[Appium][39m Will require it at C:\Users\Alif\.appium\node_modules\appium-uiautomator2-driver
[38;5;16m[AppiumDriver@d996][0m Appium v2.5.1 creating new AndroidUiautomator2Driver (v3.0.0) session
[38;5;16m[AppiumDriver@d996][0m Checking BaseDriver versions for Appium and AndroidUiautomator2Driver
[38;5;16m[AppiumDriver@d996][0m Appium's BaseDriver version is 9.5.2
[38;5;16m[AppiumDriver@d996][0m AndroidUiautomator2Driver's BaseDriver version is 9.5.2
[38;5;48m[AndroidUiautomator2Driver@2b59 (a6213137)][0m Session created with session id: a6213137-2fc4-45e2-a76d-718269c705a1
[38;5;64m[ADB][0m Found 1 'build-tools' folders under 'C:\Users\Alif\AppData\Local\Android\Sdk' (newest first):
[38;5;64m[ADB][0m     C:\Users\Alif\AppData\Local\Android\Sdk\build-tools\34.0.0
[38;5;64m[ADB][0m Using 'adb.exe' from 'C:\Users\Alif\AppData\Local\Android\Sdk\platform-tools\adb.exe'
[38;5;48m[AndroidUiautomator2Driver@2b59 (a6213137)][0m Retrieving device list
[38;5;48m[AndroidUiautomator2Driver@2b59 (a6213137)][0m Using device: R58M35SLRJA
[38;5;64m[ADB][0m Using 'adb.exe' from 'C:\Users\Alif\AppData\Local\Android\Sdk\platform-tools\adb.exe'
[38;5;48m[AndroidUiautomator2Driver@2b59 (a6213137)][0m Starting 'com.android.settings' directly on the device
[38;5;64m[ADB][0m Getting device platform version
[38;5;48m[AndroidUiautomator2Driver@2b59 (a6213137)][0m Relaxing hidden api policy
[38;5;48m[AndroidUiautomator2Driver@2b59 (a6213137)][0m No app sent in, not parsing package/activity
[38;5;64m[ADB][0m Using 'apksigner.jar' from 'C:\Users\Alif\AppData\Local\Android\Sdk\build-tools\34.0.0\lib\apksigner.jar'
[38;5;64m[ADB][0m 'C:\Users\Alif\.appium\node_modules\appium-uiautomator2-driver\node_modules\appium-uiautomator2-server\apks\appium-uiautomator2-server-debug-androidTest.apk' is signed with the default certificate
[38;5;64m[ADB][0m 'C:\Users\Alif\.appium\node_modules\appium-uiautomator2-driver\node_modules\appium-uiautomator2-server\apks\appium-uiautomator2-server-v7.0.0.apk' is signed with the default certificate
[38;5;48m[AndroidUiautomator2Driver@2b59 (a6213137)][0m Server packages are not going to be (re)installed
[38;5;64m[ADB][0m Adding packages ["io.appium.settings","io.appium.uiautomator2.server","io.appium.uiautomator2.server.test"] to Doze whitelist
[38;5;48m[AndroidUiautomator2Driver@2b59 (a6213137)][0m Starting UIAutomator2 server 7.0.0
[38;5;48m[AndroidUiautomator2Driver@2b59 (a6213137)][0m Using UIAutomator2 server from 'C:\Users\Alif\.appium\node_modules\appium-uiautomator2-driver\node_modules\appium-uiautomator2-server\apks\appium-uiautomator2-server-v7.0.0.apk' and test from 'C:\Users\Alif\.appium\node_modules\appium-uiautomator2-driver\node_modules\appium-uiautomator2-server\apks\appium-uiautomator2-server-debug-androidTest.apk'
[38;5;48m[AndroidUiautomator2Driver@2b59 (a6213137)][0m Waiting up to 30000ms for UiAutomator2 to be online...
[38;5;48m[AndroidUiautomator2Driver@2b59 (a6213137)][0m socket hang up
[38;5;48m[AndroidUiautomator2Driver@2b59 (a6213137)][0m socket hang up
[38;5;48m[AndroidUiautomator2Driver@2b59 (a6213137)][0m Determined the downstream protocol as 'W3C'
[38;5;48m[AndroidUiautomator2Driver@2b59 (a6213137)][0m Screen already unlocked, doing nothing
[38;5;48m[AndroidUiautomator2Driver@2b59 (a6213137)][0m Starting 'com.android.settings/.Settings and waiting for 'com.android.settings/.Settings'
[38;5;16m[AppiumDriver@d996][0m New AndroidUiautomator2Driver session created successfully, session a6213137-2fc4-45e2-a76d-718269c705a1 added to master session list
[38;5;0m[HTTP][0m [37m<-- POST /wd/hub/session [39m[32m200[39m [90m6562 ms - 1087[39m
[38;5;0m[HTTP][0m [90m[39m
[38;5;0m[HTTP][0m [37m-->[39m [37mGET[39m [37m/wd/hub/session/a6213137-2fc4-45e2-a76d-718269c705a1[39m
[38;5;0m[HTTP][0m [90m{}[39m
[38;5;0m[HTTP][0m [37m<-- GET /wd/hub/session/a6213137-2fc4-45e2-a76d-718269c705a1 [39m[32m200[39m [90m14 ms - 313[39m
[38;5;0m[HTTP][0m [90m[39m
[38;5;0m[HTTP][0m [37m-->[39m [37mGET[39m [37m/wd/hub/session/a6213137-2fc4-45e2-a76d-718269c705a1[39m
[38;5;0m[HTTP][0m [90m{}[39m
[38;5;0m[HTTP][0m [37m<-- GET /wd/hub/session/a6213137-2fc4-45e2-a76d-718269c705a1 [39m[32m200[39m [90m12 ms - 313[39m
[38;5;0m[HTTP][0m [90m[39m
[38;5;0m[HTTP][0m [37m-->[39m [37mGET[39m [37m/wd/hub/status[39m
[38;5;0m[HTTP][0m [90m{}[39m
[38;5;0m[HTTP][0m [37m<-- GET /wd/hub/status [39m[32m200[39m [90m1 ms - 110[39m
[38;5;0m[HTTP][0m [90m[39m
[38;5;0m[HTTP][0m [37m-->[39m [37mPOST[39m [37m/wd/hub/session/a6213137-2fc4-45e2-a76d-718269c705a1/timeouts[39m
[38;5;0m[HTTP][0m [90m{"implicit":60000}[39m
[38;5;0m[HTTP][0m [37m<-- POST /wd/hub/session/a6213137-2fc4-45e2-a76d-718269c705a1/timeouts [39m[32m200[39m [90m2 ms - 14[39m
[38;5;0m[HTTP][0m [90m[39m
[38;5;0m[HTTP][0m [37m-->[39m [37mGET[39m [37m/wd/hub/session/a6213137-2fc4-45e2-a76d-718269c705a1/appium/device/system_bars[39m
[38;5;0m[HTTP][0m [90m{}[39m
[38;5;0m[HTTP][0m [37m<-- GET /wd/hub/session/a6213137-2fc4-45e2-a76d-718269c705a1/appium/device/system_bars [39m[32m200[39m [90m67 ms - 152[39m
[38;5;0m[HTTP][0m [90m[39m
[38;5;0m[HTTP][0m [37m-->[39m [37mPOST[39m [37m/wd/hub/session/a6213137-2fc4-45e2-a76d-718269c705a1/appium/device/activate_app[39m
[38;5;0m[HTTP][0m [90m{"bundleId":"com.uniqlo.id.catalogue"}[39m
[38;5;0m[HTTP][0m [37m<-- POST /wd/hub/session/a6213137-2fc4-45e2-a76d-718269c705a1/appium/device/activate_app [39m[32m200[39m [90m164 ms - 14[39m
[38;5;0m[HTTP][0m [90m[39m
[38;5;0m[HTTP][0m [37m-->[39m [37mGET[39m [37m/wd/hub/session/a6213137-2fc4-45e2-a76d-718269c705a1/source[39m
[38;5;0m[HTTP][0m [90m{}[39m
[38;5;48m[AndroidUiautomator2Driver@2b59 (a6213137)][0m Driver proxy active, passing request on via HTTP proxy
[38;5;48m[AndroidUiautomator2Driver@2b59 (a6213137)][0m Replacing sessionId 4ab0796e-7f97-4bb9-a841-132c689bd542 with a6213137-2fc4-45e2-a76d-718269c705a1
[38;5;0m[HTTP][0m [37m<-- GET /wd/hub/session/a6213137-2fc4-45e2-a76d-718269c705a1/source [39m[32m200[39m [90m801 ms - 78887[39m
[38;5;0m[HTTP][0m [90m[39m
[38;5;0m[HTTP][0m [37m-->[39m [37mGET[39m [37m/wd/hub/session/a6213137-2fc4-45e2-a76d-718269c705a1/screenshot[39m
[38;5;0m[HTTP][0m [90m{}[39m
[38;5;0m[HTTP][0m [37m<-- GET /wd/hub/session/a6213137-2fc4-45e2-a76d-718269c705a1/screenshot [39m[32m200[39m [90m395 ms - 375628[39m
[38;5;0m[HTTP][0m [90m[39m
[38;5;0m[HTTP][0m [37m-->[39m [37mGET[39m [37m/wd/hub/session/a6213137-2fc4-45e2-a76d-718269c705a1/source[39m
[38;5;0m[HTTP][0m [90m{}[39m
[38;5;48m[AndroidUiautomator2Driver@2b59 (a6213137)][0m Driver proxy active, passing request on via HTTP proxy
[38;5;48m[AndroidUiautomator2Driver@2b59 (a6213137)][0m Replacing sessionId 4ab0796e-7f97-4bb9-a841-132c689bd542 with a6213137-2fc4-45e2-a76d-718269c705a1
[38;5;0m[HTTP][0m [37m<-- GET /wd/hub/session/a6213137-2fc4-45e2-a76d-718269c705a1/source [39m[32m200[39m [90m92 ms - 7366[39m
[38;5;0m[HTTP][0m [90m[39m
[38;5;0m[HTTP][0m [37m-->[39m [37mGET[39m [37m/wd/hub/session/a6213137-2fc4-45e2-a76d-718269c705a1/screenshot[39m
[38;5;0m[HTTP][0m [90m{}[39m
[38;5;0m[HTTP][0m [37m<-- GET /wd/hub/session/a6213137-2fc4-45e2-a76d-718269c705a1/screenshot [39m[32m200[39m [90m499 ms - 292684[39m
[38;5;0m[HTTP][0m [90m[39m
[38;5;0m[HTTP][0m [37m-->[39m [37mPOST[39m [37m/wd/hub/session/a6213137-2fc4-45e2-a76d-718269c705a1/elements[39m
[38;5;0m[HTTP][0m [90m{"using":"xpath","value":"//*[@class = 'android.widget.ImageButton' and (@text = '' or . = '')]"}[39m
[38;5;0m[HTTP][0m [37m<-- POST /wd/hub/session/a6213137-2fc4-45e2-a76d-718269c705a1/elements [39m[32m200[39m [90m844 ms - 139[39m
[38;5;0m[HTTP][0m [90m[39m
[38;5;0m[HTTP][0m [37m-->[39m [37mGET[39m [37m/wd/hub/session/a6213137-2fc4-45e2-a76d-718269c705a1/source[39m
[38;5;0m[HTTP][0m [90m{}[39m
[38;5;48m[AndroidUiautomator2Driver@2b59 (a6213137)][0m Driver proxy active, passing request on via HTTP proxy
[38;5;48m[AndroidUiautomator2Driver@2b59 (a6213137)][0m Replacing sessionId 4ab0796e-7f97-4bb9-a841-132c689bd542 with a6213137-2fc4-45e2-a76d-718269c705a1
[38;5;0m[HTTP][0m [37m<-- GET /wd/hub/session/a6213137-2fc4-45e2-a76d-718269c705a1/source [39m[32m200[39m [90m347 ms - 27283[39m
[38;5;0m[HTTP][0m [90m[39m
[38;5;0m[HTTP][0m [37m-->[39m [37mGET[39m [37m/wd/hub/session/a6213137-2fc4-45e2-a76d-718269c705a1/screenshot[39m
[38;5;0m[HTTP][0m [90m{}[39m
[38;5;0m[HTTP][0m [37m<-- GET /wd/hub/session/a6213137-2fc4-45e2-a76d-718269c705a1/screenshot [39m[32m200[39m [90m466 ms - 144692[39m
[38;5;0m[HTTP][0m [90m[39m
[38;5;0m[HTTP][0m [37m-->[39m [37mPOST[39m [37m/wd/hub/session/a6213137-2fc4-45e2-a76d-718269c705a1/elements[39m
[38;5;0m[HTTP][0m [90m{"using":"xpath","value":"//*[@class = 'android.widget.ImageButton' and (@text = '' or . = '')]"}[39m
[38;5;0m[HTTP][0m [37m<-- POST /wd/hub/session/a6213137-2fc4-45e2-a76d-718269c705a1/elements [39m[32m200[39m [90m412 ms - 139[39m
[38;5;0m[HTTP][0m [90m[39m
[38;5;0m[HTTP][0m [37m-->[39m [37mDELETE[39m [37m/wd/hub/session/a6213137-2fc4-45e2-a76d-718269c705a1[39m
[38;5;0m[HTTP][0m [90m{}[39m
[38;5;16m[AppiumDriver@d996][0m Removing session a6213137-2fc4-45e2-a76d-718269c705a1 from our master session list
[38;5;48m[AndroidUiautomator2Driver@2b59 (a6213137)][0m Restoring hidden api policy to the device default configuration
[38;5;0m[HTTP][0m [37m<-- DELETE /wd/hub/session/a6213137-2fc4-45e2-a76d-718269c705a1 [39m[32m200[39m [90m474 ms - 14[39m
[38;5;0m[HTTP][0m [90m[39m
